app/build/outputs/logs/manifest-merger-release-report.txt
-- Merging decision tree log ---
manifest
ADDED from src/main/AndroidManifest.xml:2:1-41:12
	package
		ADDED from src/main/AndroidManifest.xml:3:5-33
		INJECTED from src/main/AndroidManifest.xml
		INJECTED from src/main/AndroidManifest.xml
	android:versionName
		INJECTED from src/main/AndroidManifest.xml
		INJECTED from src/main/AndroidManifest.xml
	xmlns:android
		ADDED from src/main/AndroidManifest.xml:2:11-69
	android:versionCode
		INJECTED from src/main/AndroidManifest.xml
		INJECTED from src/main/AndroidManifest.xml
uses-permission#android.permission.ACCESS_NETWORK_STATE
ADDED from src/main/AndroidManifest.xml:5:3-76
	android:name
		ADDED from src/main/AndroidManifest.xml:5:20-74
uses-permission#android.permission.INTERNET
ADDED from src/main/AndroidManifest.xml:6:3-64
	android:name
		ADDED from src/main/AndroidManifest.xml:6:20-62
uses-permission#android.permission.READ_PHONE_STATE
ADDED from src/main/AndroidManifest.xml:7:3-72
	android:name
		ADDED from src/main/AndroidManifest.xml:7:20-70
uses-permission#android.permission.WRITE_EXTERNAL_STORAGE
ADDED from src/main/AndroidManifest.xml:8:3-78
	android:name
		ADDED from src/main/AndroidManifest.xml:8:20-76
uses-permission#android.permission.ACCESS_WIFI_STATE
ADDED from src/main/AndroidManifest.xml:9:3-73
	android:name
		ADDED from src/main/AndroidManifest.xml:9:20-71
application
ADDED from src/main/AndroidManifest.xml:11:3-40:17
MERGED from [com.android.support:cardview-v7:25.0.1] AndroidManifest.xml:22:5-20
MERGED from [com.github.bumptech.glide:okhttp3-integration:1.4.0] AndroidManifest.xml:11:5-15:19
MERGED from [me.yokeyword:fragmentation:0.8.3] AndroidManifest.xml:9:5-20
MERGED from [me.yokeyword:fragmentation-swipeback:0.7.9] AndroidManifest.xml:9:5-12:19
MERGED from [com.afollestad.material-dialogs:core:0.9.0.1] AndroidManifest.xml:13:5-20
MERGED from [com.android.support:design:25.0.1] AndroidManifest.xml:25:5-20
MERGED from [com.android.support:transition:25.0.1] AndroidManifest.xml:22:5-20
MERGED from [com.android.support:appcompat-v7:25.0.1] AndroidManifest.xml:25:5-20
MERGED from [com.android.support:support-v4:25.0.1] AndroidManifest.xml:25:5-20
MERGED from [com.android.support:support-fragment:25.0.1] AndroidManifest.xml:25:5-20
MERGED from [com.android.support:support-media-compat:25.0.1] AndroidManifest.xml:25:5-20
MERGED from [com.android.support:support-core-ui:25.0.1] AndroidManifest.xml:25:5-20
MERGED from [com.android.support:support-core-utils:25.0.1] AndroidManifest.xml:25:5-20
MERGED from [com.android.support:animated-vector-drawable:25.0.1] AndroidManifest.xml:22:5-20
MERGED from [com.android.support:support-vector-drawable:25.0.1] AndroidManifest.xml:23:5-20
MERGED from [com.android.support:support-compat:25.0.1] AndroidManifest.xml:25:5-20
MERGED from [com.github.moduth:blockcanary-no-op:1.2.1] AndroidManifest.xml:11:5-12:19
	android:label
		ADDED from src/main/AndroidManifest.xml:15:7-39
	android:supportsRtl
		ADDED from src/main/AndroidManifest.xml:16:7-33
	android:allowBackup
		ADDED from src/main/AndroidManifest.xml:13:7-33
	android:icon
		ADDED from src/main/AndroidManifest.xml:14:7-41
	android:theme
		ADDED from src/main/AndroidManifest.xml:17:7-38
	android:name
		ADDED from src/main/AndroidManifest.xml:12:7-26
activity#me.venjerlu.gankio.MainActivity
ADDED from src/main/AndroidManifest.xml:19:5-27:16
	android:label
		ADDED from src/main/AndroidManifest.xml:21:9-41
	android:theme
		ADDED from src/main/AndroidManifest.xml:22:9-52
	android:name
		ADDED from src/main/AndroidManifest.xml:20:9-37
intent-filter#android.intent.action.MAIN+android.intent.category.LAUNCHER
ADDED from src/main/AndroidManifest.xml:23:7-26:23
action#android.intent.action.MAIN
ADDED from src/main/AndroidManifest.xml:24:9-60
	android:name
		ADDED from src/main/AndroidManifest.xml:24:17-58
category#android.intent.category.LAUNCHER
ADDED from src/main/AndroidManifest.xml:25:9-68
	android:name
		ADDED from src/main/AndroidManifest.xml:25:19-66
activity#com.thefinestartist.finestwebview.FinestWebViewActivity
ADDED from src/main/AndroidManifest.xml:29:5-34:58
	android:screenOrientation
		ADDED from src/main/AndroidManifest.xml:32:9-43
	android:launchMode
		ADDED from src/main/AndroidManifest.xml:33:9-40
	android:configChanges
		ADDED from src/main/AndroidManifest.xml:31:9-70
	android:theme
		ADDED from src/main/AndroidManifest.xml:34:9-56
	android:name
		ADDED from src/main/AndroidManifest.xml:30:9-79
meta-data#me.venjerlu.gankio.utils.glide.GlideDiskCacheModule
ADDED from src/main/AndroidManifest.xml:36:5-38:38
	android:value
		ADDED from src/main/AndroidManifest.xml:38:9-36
	android:name
		ADDED from src/main/AndroidManifest.xml:37:9-75
uses-sdk
INJECTED from src/main/AndroidManifest.xml reason: use-sdk injection requested
MERGED from [com.android.support:cardview-v7:25.0.1] AndroidManifest.xml:20:5-43
MERGED from [com.elvishew:xlog:1.2.1] AndroidManifest.xml:6:5-8:41
MERGED from [com.blankj:utilcode:1.3.4] AndroidManifest.xml:8:5-10:41
MERGED from [com.github.bumptech.glide:okhttp3-integration:1.4.0] AndroidManifest.xml:7:5-9:41
MERGED from [com.davemorrissey.labs:subsampling-scale-image-view:3.6.0] AndroidManifest.xml:7:5-9:41
MERGED from [jp.wasabeef:glide-transformations:2.0.1] AndroidManifest.xml:8:5-10:41
MERGED from [io.reactivex.rxjava2:rxandroid:2.0.1] AndroidManifest.xml:19:5-43
MERGED from [me.yokeyword:fragmentation:0.8.3] AndroidManifest.xml:5:5-7:41
MERGED from [me.yokeyword:fragmentation-swipeback:0.7.9] AndroidManifest.xml:5:5-7:41
MERGED from [com.afollestad.material-dialogs:core:0.9.0.1] AndroidManifest.xml:8:5-11:75
MERGED from [me.zhanghai.android.materialprogressbar:library:1.1.7] AndroidManifest.xml:12:5-14:41
MERGED from [com.thefinestartist:finestwebview:1.2.7] AndroidManifest.xml:8:5-10:41
MERGED from [com.android.support:design:25.0.1] AndroidManifest.xml:21:5-23:62
MERGED from [com.android.support:recyclerview-v7:25.0.1] AndroidManifest.xml:20:5-43
MERGED from [com.android.support:transition:25.0.1] AndroidManifest.xml:20:5-44
MERGED from [com.thefinestartist:utils:0.9.0] AndroidManifest.xml:8:5-10:41
MERGED from [com.android.support:appcompat-v7:25.0.1] AndroidManifest.xml:21:5-23:78
MERGED from [com.android.support:support-v4:25.0.1] AndroidManifest.xml:21:5-23:54
MERGED from [com.android.support:support-fragment:25.0.1] AndroidManifest.xml:21:5-23:60
MERGED from [com.android.support:support-media-compat:25.0.1] AndroidManifest.xml:21:5-23:63
MERGED from [com.android.support:support-core-ui:25.0.1] AndroidManifest.xml:21:5-23:58
MERGED from [com.android.support:support-core-utils:25.0.1] AndroidManifest.xml:21:5-23:61
MERGED from [com.android.support:animated-vector-drawable:25.0.1] AndroidManifest.xml:20:5-44
MERGED from [com.android.support:support-vector-drawable:25.0.1] AndroidManifest.xml:21:5-43
MERGED from [com.android.support:support-compat:25.0.1] AndroidManifest.xml:21:5-23:58
MERGED from [com.jakewharton:butterknife:8.4.0] AndroidManifest.xml:5:5-43
MERGED from [com.github.moduth:blockcanary-no-op:1.2.1] AndroidManifest.xml:7:5-9:41
MERGED from [com.squareup.leakcanary:leakcanary-android-no-op:1.4-beta2] AndroidManifest.xml:20:5-22:41
	tools:overrideLibrary
		ADDED from [com.afollestad.material-dialogs:core:0.9.0.1] AndroidManifest.xml:11:9-72
	android:targetSdkVersion
		INJECTED from src/main/AndroidManifest.xml
		INJECTED from src/main/AndroidManifest.xml
	android:minSdkVersion
		INJECTED from src/main/AndroidManifest.xml
		INJECTED from src/main/AndroidManifest.xml
meta-data#com.bumptech.glide.integration.okhttp3.OkHttpGlideModule
ADDED from [com.github.bumptech.glide:okhttp3-integration:1.4.0] AndroidManifest.xml:12:9-14:43
	android:value
		ADDED from [com.github.bumptech.glide:okhttp3-integration:1.4.0] AndroidManifest.xml:14:13-40
	android:name
		ADDED from [com.github.bumptech.glide:okhttp3-integration:1.4.0] AndroidManifest.xml:13:13-84